<?xml version="1.0" encoding="UTF-8"?>
<testng-results skipped="0" failed="0" ignored="0" total="1" passed="1">
  <reporter-output>
  </reporter-output>
  <suite name="Default suite" duration-ms="83805" started-at="2018-03-15T06:08:19Z" finished-at="2018-03-15T06:09:43Z">
    <groups>
    </groups>
    <test name="Default test" duration-ms="83805" started-at="2018-03-15T06:08:19Z" finished-at="2018-03-15T06:09:43Z">
      <class name="learnCollections.ERail">
        <test-method status="PASS" signature="webTable()[pri:0, instance:learnCollections.ERail@41eaa2]" name="webTable" duration-ms="83741" started-at="2018-03-15T11:38:19Z" finished-at="2018-03-15T11:39:43Z">
          <reporter-output>
          </reporter-output>
        </test-method> <!-- webTable -->
      </class> <!-- learnCollections.ERail -->
    </test> <!-- Default test -->
  </suite> <!-- Default suite -->
</testng-results>
